<?xml version="1.0" encoding="UTF-8"?>
<!-- Generated by org.testng.reporters.JUnitXMLReporter -->
<testsuite ignored="1" hostname="DESKTOP-J9JHODC" failures="0" tests="1" name="Default test" time="10.888" errors="0" timestamp="2024-12-11T09:21:14 EST">
  <testcase classname="com.ProjTFive.testCases.LoginTest" name="validateInvalidCreds" time="1.358"/>
  <testcase classname="com.ProjTFive.testCases.LoginTest" name="validateValidLogin" time="0.0">
    <ignored/>
  </testcase> <!-- validateValidLogin -->
</testsuite> <!-- Default test -->
