<?xml version="1.0" encoding="UTF-8"?>
<testng-results ignored="0" total="1" passed="1" failed="0" skipped="0">
  <reporter-output>
  </reporter-output>
  <suite started-at="2025-02-25T13:11:19 EST" name="Default suite" finished-at="2025-02-25T13:11:27 EST" duration-ms="8163">
    <groups>
    </groups>
    <test started-at="2025-02-25T13:11:19 EST" name="Default test" finished-at="2025-02-25T13:11:27 EST" duration-ms="8163">
      <class name="com.ProjTFive.testCases.ShowAllTest">
        <test-method is-config="true" signature="setUp()[pri:0, instance:com.ProjTFive.testCases.ShowAllTest@449a4f23]" started-at="2025-02-25T13:11:19 EST" name="setUp" finished-at="2025-02-25T13:11:25 EST" duration-ms="6371" status="PASS">
          <reporter-output>
          </reporter-output>
        </test-method> <!-- setUp -->
        <test-method signature="searchshowAllDesktops()[pri:0, instance:com.ProjTFive.testCases.ShowAllTest@449a4f23]" started-at="2025-02-25T13:11:25 EST" name="searchshowAllDesktops" finished-at="2025-02-25T13:11:27 EST" duration-ms="1713" status="PASS">
          <reporter-output>
          </reporter-output>
        </test-method> <!-- searchshowAllDesktops -->
        <test-method is-config="true" signature="tearDown()[pri:0, instance:com.ProjTFive.testCases.ShowAllTest@449a4f23]" started-at="2025-02-25T13:11:27 EST" name="tearDown" finished-at="2025-02-25T13:11:27 EST" duration-ms="1" status="PASS">
          <reporter-output>
          </reporter-output>
        </test-method> <!-- tearDown -->
      </class> <!-- com.ProjTFive.testCases.ShowAllTest -->
    </test> <!-- Default test -->
  </suite> <!-- Default suite -->
</testng-results>
