<?xml version="1.0" encoding="UTF-8"?>
<testng-results ignored="0" total="1" passed="1" failed="0" skipped="0">
  <reporter-output>
  </reporter-output>
  <suite started-at="2024-12-26T15:35:02 EST" name="Default suite" finished-at="2024-12-26T15:35:12 EST" duration-ms="9689">
    <groups>
    </groups>
    <test started-at="2024-12-26T15:35:02 EST" name="Default test" finished-at="2024-12-26T15:35:12 EST" duration-ms="9689">
      <class name="com.ProjTFive.testCases.SearchTest">
        <test-method is-config="true" signature="setUp()[pri:0, instance:com.ProjTFive.testCases.SearchTest@449a4f23]" started-at="2024-12-26T15:35:02 EST" name="setUp" finished-at="2024-12-26T15:35:10 EST" duration-ms="8458" status="PASS">
          <reporter-output>
          </reporter-output>
        </test-method> <!-- setUp -->
        <test-method signature="searchHonda()[pri:0, instance:com.ProjTFive.testCases.SearchTest@449a4f23]" started-at="2024-12-26T15:35:10 EST" name="searchHonda" finished-at="2024-12-26T15:35:12 EST" duration-ms="1146" status="PASS">
          <reporter-output>
          </reporter-output>
        </test-method> <!-- searchHonda -->
        <test-method is-config="true" signature="tearDown()[pri:0, instance:com.ProjTFive.testCases.SearchTest@449a4f23]" started-at="2024-12-26T15:35:12 EST" name="tearDown" finished-at="2024-12-26T15:35:12 EST" duration-ms="1" status="PASS">
          <reporter-output>
          </reporter-output>
        </test-method> <!-- tearDown -->
      </class> <!-- com.ProjTFive.testCases.SearchTest -->
    </test> <!-- Default test -->
  </suite> <!-- Default suite -->
</testng-results>
