<?xml version="1.0" encoding="UTF-8"?>
<testng-results ignored="0" total="1" passed="1" failed="0" skipped="0">
  <reporter-output>
  </reporter-output>
  <suite started-at="2024-12-19T12:33:21 EST" name="Default suite" finished-at="2024-12-19T12:33:30 EST" duration-ms="8480">
    <groups>
    </groups>
    <test started-at="2024-12-19T12:33:21 EST" name="Default test" finished-at="2024-12-19T12:33:30 EST" duration-ms="8480">
      <class name="com.ProjTFive.testCases.LoginTest">
        <test-method is-config="true" signature="setUp()[pri:0, instance:com.ProjTFive.testCases.LoginTest@1530c739]" started-at="2024-12-19T12:33:21 EST" name="setUp" finished-at="2024-12-19T12:33:28 EST" duration-ms="6744" status="PASS">
          <reporter-output>
          </reporter-output>
        </test-method> <!-- setUp -->
        <test-method signature="validateInvalidCreds()[pri:0, instance:com.ProjTFive.testCases.LoginTest@1530c739]" started-at="2024-12-19T12:33:28 EST" name="validateInvalidCreds" finished-at="2024-12-19T12:33:29 EST" duration-ms="1323" status="PASS">
          <reporter-output>
          </reporter-output>
        </test-method> <!-- validateInvalidCreds -->
        <test-method is-config="true" signature="tearDown()[pri:0, instance:com.ProjTFive.testCases.LoginTest@1530c739]" started-at="2024-12-19T12:33:29 EST" name="tearDown" finished-at="2024-12-19T12:33:30 EST" duration-ms="338" status="PASS">
          <reporter-output>
          </reporter-output>
        </test-method> <!-- tearDown -->
      </class> <!-- com.ProjTFive.testCases.LoginTest -->
    </test> <!-- Default test -->
  </suite> <!-- Default suite -->
</testng-results>
