<?xml version="1.0" encoding="UTF-8"?>
<testng-results ignored="0" total="2" passed="2" failed="0" skipped="0">
  <reporter-output>
  </reporter-output>
  <suite started-at="2024-12-11T09:51:49 EST" name="AaronTests" finished-at="2024-12-11T09:52:10 EST" duration-ms="20574">
    <groups>
    </groups>
    <test started-at="2024-12-11T09:51:49 EST" name="Test" finished-at="2024-12-11T09:52:10 EST" duration-ms="20574">
      <class name="com.ProjTFive.testCases.LoginTest">
        <test-method is-config="true" signature="setUp()[pri:0, instance:com.ProjTFive.testCases.LoginTest@2e8c1c9b]" started-at="2024-12-11T09:51:50 EST" name="setUp" finished-at="2024-12-11T09:51:59 EST" duration-ms="8768" status="PASS">
          <reporter-output>
          </reporter-output>
        </test-method> <!-- setUp -->
        <test-method signature="validateInvalidCreds()[pri:0, instance:com.ProjTFive.testCases.LoginTest@2e8c1c9b]" started-at="2024-12-11T09:51:59 EST" name="validateInvalidCreds" finished-at="2024-12-11T09:52:00 EST" duration-ms="1560" status="PASS">
          <reporter-output>
          </reporter-output>
        </test-method> <!-- validateInvalidCreds -->
        <test-method is-config="true" signature="tearDown()[pri:0, instance:com.ProjTFive.testCases.LoginTest@2e8c1c9b]" started-at="2024-12-11T09:52:00 EST" name="tearDown" finished-at="2024-12-11T09:52:01 EST" duration-ms="285" status="PASS">
          <reporter-output>
          </reporter-output>
        </test-method> <!-- tearDown -->
        <test-method is-config="true" signature="setUp()[pri:0, instance:com.ProjTFive.testCases.LoginTest@2e8c1c9b]" started-at="2024-12-11T09:52:01 EST" name="setUp" finished-at="2024-12-11T09:52:08 EST" duration-ms="7017" status="PASS">
          <reporter-output>
          </reporter-output>
        </test-method> <!-- setUp -->
        <test-method signature="validateValidLogin()[pri:0, instance:com.ProjTFive.testCases.LoginTest@2e8c1c9b]" started-at="2024-12-11T09:52:08 EST" name="validateValidLogin" finished-at="2024-12-11T09:52:10 EST" duration-ms="2045" status="PASS">
          <reporter-output>
          </reporter-output>
        </test-method> <!-- validateValidLogin -->
        <test-method is-config="true" signature="tearDown()[pri:0, instance:com.ProjTFive.testCases.LoginTest@2e8c1c9b]" started-at="2024-12-11T09:52:10 EST" name="tearDown" finished-at="2024-12-11T09:52:10 EST" duration-ms="289" status="PASS">
          <reporter-output>
          </reporter-output>
        </test-method> <!-- tearDown -->
      </class> <!-- com.ProjTFive.testCases.LoginTest -->
    </test> <!-- Test -->
  </suite> <!-- AaronTests -->
</testng-results>
